User-defined configuration file (./nvsim.SLCNAND.ReadEDP.cfg) is loaded

Memory Cell: Single-Level Cell NAND Flash
Cell Area (F^2)    : 4.000 (2.000Fx2.000F)
Cell Aspect Ratio  : 1.000
Pass Voltage       : 3.800V
Programming Voltage: 6.000V
Erase Voltage      : 16.000V
Programming Time   : 200.000us
Erase Time         : 1.250ms
Gate Coupling Ratio: 0.700

====================
DESIGN SPECIFICATION
====================
Design Target: Random Access Memory
Capacity   : 8MB
Data Width : 64Bits (8Bytes)
Page Size  : 2048Bytes
Block Size : 128KB

Searching for the best solution that is optimized for read energy-delay-product ...

=============
CONFIGURATION
=============
Bank Organization: 16 x 1
 - Row Activation   : 1 / 16
 - Column Activation: 1 / 1
Mat Organization: 2 x 2
 - Row Activation   : 2 / 2
 - Column Activation: 1 / 2
 - Subarray Size    : 64 Rows x 16384 Columns
Mux Level:
 - Senseamp Mux      : 2
 - Output Level-1 Mux: 1
 - Output Level-2 Mux: 1
Local Wire:
 - Wire Type : Local Aggressive
 - Repeater Type: No Repeaters
 - Low Swing : No
Global Wire:
 - Wire Type : Global Aggressive
 - Repeater Type: No Repeaters
 - Low Swing : No
Buffer Design Style: Latency-Optimized
=============
   RESULT
=============
Area:
 - Total Area = 214.720um x 1.519mm = 326110.081um^2
 |--- Mat Area      = 13.420um x 1.519mm = 20381.880um^2   (39.840%)
 |--- Subarray Area = 6.710um x 756.763um = 5077.879um^2   (39.978%)
 - Area Efficiency = 39.840%
Timing:
 -  Read Latency = 43.405ns
 |--- H-Tree Latency = 4.408ps
 |--- Mat Latency    = 43.400ns
    |--- Predecoder Latency = 91.363ps
    |--- Subarray Latency   = 43.309ns
       |--- Row Decoder Latency = 5.854ns
       |--- Bitline Latency     = 31.201ns
       |--- Senseamp Latency    = 3.067ps
       |--- Mux Latency         = 7.892ps
       |--- Precharge Latency   = 22.475ps
 - Erase Latency = 1.250ms
 |--- H-Tree Latency = 2.204ps
 |--- Mat Latency    = 1.250ms
 - Programming Latency   = 200.012us
 |--- H-Tree Latency = 2.204ps
 |--- Mat Latency    = 200.012us
 - Read Bandwidth  = 54.647GB/s
 - Write Bandwidth = 10.239MB/s
Power:
 -  Read Dynamic Energy = 1.109nJ
 |--- H-Tree Dynamic Energy = 393.568pJ
 |--- Mat Dynamic Energy    = 715.365pJ per mat
    |--- Predecoder Dynamic Energy = 0.369pJ
    |--- Subarray Dynamic Energy   = 357.498pJ per active subarray
       |--- Row Decoder Dynamic Energy = 333.197pJ
       |--- Mux Decoder Dynamic Energy = 1.757pJ
       |--- Senseamp Dynamic Energy    = 5.992pJ
       |--- Mux Dynamic Energy         = 6.009pJ
       |--- Precharge Dynamic Energy   = 6.061pJ
 - Erase Dynamic Energy = 10.201nJ per block
 |--- H-Tree Dynamic Energy = 393.568pJ
 |--- Mat Dynamic Energy    = 9.807nJ per mat
    |--- Predecoder Dynamic Energy = 0.369pJ
    |--- Subarray Dynamic Energy   = 488.839pJ per active subarray
       |--- Row Decoder Dynamic Energy = 174.041pJ
       |--- Mux Decoder Dynamic Energy = 1.757pJ
       |--- Mux Dynamic Energy         = 6.009pJ
 - Programming Dynamic Energy = 2.209nJ per page
 |--- H-Tree Dynamic Energy = 393.568pJ
 |--- Mat Dynamic Energy    = 1.816nJ per mat
    |--- Predecoder Dynamic Energy = 0.369pJ
    |--- Subarray Dynamic Energy   = 488.839pJ per active subarray
       |--- Row Decoder Dynamic Energy = 174.041pJ
       |--- Mux Decoder Dynamic Energy = 1.757pJ
       |--- Mux Dynamic Energy         = 6.009pJ
 - Leakage Power = 158.899mW
 |--- H-Tree Leakage Power = 0.000pW
 |--- Mat Leakage Power    = 9.931mW per mat

Finished!
