User-defined configuration file (./nvsim.SLCNAND.Area.cfg) is loaded

Memory Cell: Single-Level Cell NAND Flash
Cell Area (F^2)    : 4.000 (2.000Fx2.000F)
Cell Aspect Ratio  : 1.000
Pass Voltage       : 3.800V
Programming Voltage: 6.000V
Erase Voltage      : 16.000V
Programming Time   : 200.000us
Erase Time         : 1.250ms
Gate Coupling Ratio: 0.700

====================
DESIGN SPECIFICATION
====================
Design Target: Random Access Memory
Capacity   : 8MB
Data Width : 64Bits (8Bytes)
Page Size  : 2048Bytes
Block Size : 128KB

Searching for the best solution that is optimized for area ...

=============
CONFIGURATION
=============
Bank Organization: 1 x 1
 - Row Activation   : 1 / 1
 - Column Activation: 1 / 1
Mat Organization: 2 x 1
 - Row Activation   : 2 / 2
 - Column Activation: 1 / 1
 - Subarray Size    : 2048 Rows x 16384 Columns
Mux Level:
 - Senseamp Mux      : 2
 - Output Level-1 Mux: 1
 - Output Level-2 Mux: 1
Local Wire:
 - Wire Type : Local Aggressive
 - Repeater Type: No Repeaters
 - Low Swing : No
Global Wire:
 - Wire Type : Global Aggressive
 - Repeater Type: No Repeaters
 - Low Swing : No
Buffer Design Style: Latency-Optimized
=============
   RESULT
=============
Area:
 - Total Area = 194.832um x 770.775um = 150171.547um^2
 |--- Mat Area      = 194.832um x 770.775um = 150171.547um^2   (86.516%)
 |--- Subarray Area = 97.416um x 756.763um = 73720.819um^2   (88.118%)
 - Area Efficiency = 86.516%
Timing:
 -  Read Latency = 448.093ns
 |--- H-Tree Latency = 0.000ps
 |--- Mat Latency    = 448.093ns
    |--- Predecoder Latency = 96.726ps
    |--- Subarray Latency   = 447.996ns
       |--- Row Decoder Latency = 5.850ns
       |--- Bitline Latency     = 435.894ns
       |--- Senseamp Latency    = 3.067ps
       |--- Mux Latency         = 7.892ps
       |--- Precharge Latency   = 273.140ps
 - Erase Latency = 1.250ms
 |--- H-Tree Latency = 0.000ps
 |--- Mat Latency    = 1.250ms
 - Programming Latency   = 200.012us
 |--- H-Tree Latency = 0.000ps
 |--- Mat Latency    = 200.012us
 - Read Bandwidth  = 4.629GB/s
 - Write Bandwidth = 10.239MB/s
Power:
 -  Read Dynamic Energy = 21.938nJ
 |--- H-Tree Dynamic Energy = 0.000pJ
 |--- Mat Dynamic Energy    = 21.938nJ per mat
    |--- Predecoder Dynamic Energy = 0.242pJ
    |--- Subarray Dynamic Energy   = 10.969nJ per active subarray
       |--- Row Decoder Dynamic Energy = 10.821nJ
       |--- Mux Decoder Dynamic Energy = 1.757pJ
       |--- Senseamp Dynamic Energy    = 5.992pJ
       |--- Mux Dynamic Energy         = 6.009pJ
       |--- Precharge Dynamic Energy   = 6.061pJ
 - Erase Dynamic Energy = 492.238nJ per block
 |--- H-Tree Dynamic Energy = 0.000pJ
 |--- Mat Dynamic Energy    = 492.238nJ per mat
    |--- Predecoder Dynamic Energy = 0.242pJ
    |--- Subarray Dynamic Energy   = 15.033nJ per active subarray
       |--- Row Decoder Dynamic Energy = 6.348nJ
       |--- Mux Decoder Dynamic Energy = 1.757pJ
       |--- Mux Dynamic Energy         = 6.009pJ
 - Programming Dynamic Energy = 53.260nJ per page
 |--- H-Tree Dynamic Energy = 0.000pJ
 |--- Mat Dynamic Energy    = 53.260nJ per mat
    |--- Predecoder Dynamic Energy = 0.242pJ
    |--- Subarray Dynamic Energy   = 15.033nJ per active subarray
       |--- Row Decoder Dynamic Energy = 6.348nJ
       |--- Mux Decoder Dynamic Energy = 1.757pJ
       |--- Mux Dynamic Energy         = 6.009pJ
 - Leakage Power = 21.737mW
 |--- H-Tree Leakage Power = 0.000pW
 |--- Mat Leakage Power    = 21.737mW per mat

Finished!
