User-defined configuration file (./nvsim.SLCNAND.ReadDynamicEnergy.cfg) is loaded

Memory Cell: Single-Level Cell NAND Flash
Cell Area (F^2)    : 4.000 (2.000Fx2.000F)
Cell Aspect Ratio  : 1.000
Pass Voltage       : 3.800V
Programming Voltage: 6.000V
Erase Voltage      : 16.000V
Programming Time   : 200.000us
Erase Time         : 1.250ms
Gate Coupling Ratio: 0.700

====================
DESIGN SPECIFICATION
====================
Design Target: Random Access Memory
Capacity   : 8MB
Data Width : 64Bits (8Bytes)
Page Size  : 2048Bytes
Block Size : 128KB

Searching for the best solution that is optimized for read energy ...

=============
CONFIGURATION
=============
Bank Organization: 16 x 1
 - Row Activation   : 1 / 16
 - Column Activation: 1 / 1
Mat Organization: 2 x 1
 - Row Activation   : 1 / 2
 - Column Activation: 1 / 1
 - Subarray Size    : 64 Rows x 32768 Columns
Mux Level:
 - Senseamp Mux      : 2
 - Output Level-1 Mux: 1
 - Output Level-2 Mux: 1
Local Wire:
 - Wire Type : Local Aggressive
 - Repeater Type: No Repeaters
 - Low Swing : No
Global Wire:
 - Wire Type : Global Aggressive
 - Repeater Type: No Repeaters
 - Low Swing : No
Buffer Design Style: Latency-Optimized
=============
   RESULT
=============
Area:
 - Total Area = 214.720um x 1.483mm = 318408.730um^2
 |--- Mat Area      = 13.420um x 1.483mm = 19900.546um^2   (40.804%)
 |--- Subarray Area = 6.710um x 1.478mm = 9915.092um^2   (40.949%)
 - Area Efficiency = 40.804%
Timing:
 -  Read Latency = 79.215ns
 |--- H-Tree Latency = 4.408ps
 |--- Mat Latency    = 79.210ns
    |--- Predecoder Latency = 90.327ps
    |--- Subarray Latency   = 79.120ns
       |--- Row Decoder Latency = 23.069ns
       |--- Bitline Latency     = 31.201ns
       |--- Senseamp Latency    = 3.067ps
       |--- Mux Latency         = 7.892ps
       |--- Precharge Latency   = 26.327ps
 - Erase Latency = 1.250ms
 |--- H-Tree Latency = 2.204ps
 |--- Mat Latency    = 1.250ms
 - Programming Latency   = 200.048us
 |--- H-Tree Latency = 2.204ps
 |--- Mat Latency    = 200.048us
 - Read Bandwidth  = 36.521GB/s
 - Write Bandwidth = 10.238MB/s
Power:
 -  Read Dynamic Energy = 1.096nJ
 |--- H-Tree Dynamic Energy = 393.568pJ
 |--- Mat Dynamic Energy    = 702.450pJ per mat
    |--- Predecoder Dynamic Energy = 0.361pJ
    |--- Subarray Dynamic Energy   = 702.089pJ per active subarray
       |--- Row Decoder Dynamic Energy = 653.524pJ
       |--- Mux Decoder Dynamic Energy = 3.491pJ
       |--- Senseamp Dynamic Energy    = 11.985pJ
       |--- Mux Dynamic Energy         = 12.019pJ
       |--- Precharge Dynamic Energy   = 12.107pJ
 - Erase Dynamic Energy = 9.815nJ per block
 |--- H-Tree Dynamic Energy = 393.568pJ
 |--- Mat Dynamic Energy    = 9.422nJ per mat
    |--- Predecoder Dynamic Energy = 0.361pJ
    |--- Subarray Dynamic Energy   = 968.059pJ per active subarray
       |--- Row Decoder Dynamic Energy = 341.360pJ
       |--- Mux Decoder Dynamic Energy = 3.491pJ
       |--- Mux Dynamic Energy         = 12.019pJ
 - Programming Dynamic Energy = 2.196nJ per page
 |--- H-Tree Dynamic Energy = 393.568pJ
 |--- Mat Dynamic Energy    = 1.802nJ per mat
    |--- Predecoder Dynamic Energy = 0.361pJ
    |--- Subarray Dynamic Energy   = 968.059pJ per active subarray
       |--- Row Decoder Dynamic Energy = 341.360pJ
       |--- Mux Decoder Dynamic Energy = 3.491pJ
       |--- Mux Dynamic Energy         = 12.019pJ
 - Leakage Power = 149.878mW
 |--- H-Tree Leakage Power = 0.000pW
 |--- Mat Leakage Power    = 9.367mW per mat

Finished!
